(node:4124934) ExperimentalWarning: Importing JSON modules is an experimental feature. This feature could change at any time
(Use `node --trace-warnings ...` to show where the warning was created)
Backfilled 1 candles for 1M interval
Generated 14 6h candles from 1h data
Generated 8 12h candles from 1h data
Loaded existing price data
Price API server running on port 3001
Updated price: 0.0012512189464696265
Updated price: 0.0012512189464696265
Updated price: 0.0012512189464696265
Updated price: 0.0012512189464696265
Updated price: 0.0012512189464696265
Updated price: 0.0012512189464696265
Updated price: 0.0012512189464696265
Updated price: 0.0012512189464696265
Updated price: 0.0012512189464696265
Updated price: 0.0012512189464696265
Updated price: 0.0012512189464696265
Updated price: 0.0012512189464696265
Updated price: 0.0012512189464696265
Updated price: 0.0012512189464696265
Updated price: 0.0012512189464696265
Updated price: 0.0012512189464696265
Updated price: 0.0012512189464696265
Updated price: 0.0012512189464696265
Updated price: 0.0012512189464696265
Updated price: 0.0012512189464696265
Updated price: 0.0012512189464696265
Updated price: 0.0012512189464696265
Updated price: 0.0012512189464696265
Updated price: 0.0012512189464696265
Updated price: 0.0012512189464696265
Updated price: 0.0012512189464696265
Updated price: 0.0012512189464696265
Updated price: 0.0012512189464696265
Updated price: 0.0012512189464696265
Updated price: 0.0012512189464696265
Updated price: 0.0012512189464696265
Updated price: 0.0012512189464696265
Updated price: 0.0012512189464696265
Updated price: 0.0012512189464696265
Updated price: 0.0012512189464696265
Updated price: 0.0012512189464696265
Updated price: 0.0012512189464696265
Updated price: 0.0012512189464696265
Updated price: 0.0012512189464696265
Updated price: 0.0012512189464696265
Updated price: 0.0012512189464696265
Updated price: 0.0012512189464696265
Updated price: 0.0012512189464696265
Updated price: 0.0012512189464696265
Updated price: 0.0012512189464696265
Updated price: 0.0012512189464696265
Updated price: 0.0012512189464696265
Updated price: 0.0012512189464696265
Updated price: 0.0012512189464696265
Updated price: 0.0012512189464696265
Updated price: 0.0012512189464696265
Updated price: 0.0012512189464696265
Updated price: 0.0012512189464696265
Updated price: 0.0012512189464696265
Updated price: 0.0012512189464696265
Updated price: 0.0012512189464696265
Updated price: 0.0012512189464696265
Updated price: 0.0012512189464696265
Updated price: 0.0012512189464696265
Updated price: 0.0012512189464696265
Updated price: 0.0012512189464696265
Updated price: 0.0012512189464696265
Updated price: 0.0012512189464696265
Updated price: 0.0012512189464696265
Updated price: 0.0012512189464696265
Updated price: 0.0012512189464696265
Updated price: 0.0012512189464696265
Updated price: 0.0012512189464696265
Updated price: 0.0012512189464696265
Updated price: 0.0012512189464696265
Updated price: 0.0012512189464696265
Updated price: 0.0012512189464696265
Updated price: 0.0012512189464696265
Updated price: 0.0012512189464696265
Updated price: 0.0012512189464696265
Updated price: 0.0012512189464696265
Updated price: 0.0012512189464696265
Updated price: 0.0012512189464696265
Updated price: 0.0012512189464696265
Updated price: 0.0012512189464696265
Updated price: 0.0012512189464696265
Updated price: 0.0012512189464696265
Updated price: 0.0012512189464696265
Updated price: 0.0012512189464696265
Updated price: 0.0012512189464696265
Updated price: 0.0012512189464696265
Updated price: 0.0012512189464696265
Updated price: 0.0012512189464696265
Updated price: 0.0012512189464696265
Updated price: 0.0012512189464696265
Updated price: 0.0012512189464696265
Updated price: 0.0012512189464696265
Updated price: 0.0012512189464696265
Updated price: 0.0012512189464696265
Updated price: 0.0012512189464696265
Updated price: 0.0012512189464696265
Updated price: 0.0012512189464696265
Updated price: 0.0012512189464696265
